Watching for file changes with StatReloader
System check identified some issues:

WARNINGS:
info.Assign: (models.W042) Auto-created primary key used when not defining a primary key type, by default 'django.db.models.AutoField'.
	HINT: Configure the DEFAULT_AUTO_FIELD setting or the InfoConfig.default_auto_field attribute to point to a subclass of AutoField, e.g. 'django.db.models.BigAutoField'.
info.AssignTime: (models.W042) Auto-created primary key used when not defining a primary key type, by default 'django.db.models.AutoField'.
	HINT: Configure the DEFAULT_AUTO_FIELD setting or the InfoConfig.default_auto_field attribute to point to a subclass of AutoField, e.g. 'django.db.models.BigAutoField'.
info.Attendance: (models.W042) Auto-created primary key used when not defining a primary key type, by default 'django.db.models.AutoField'.
	HINT: Configure the DEFAULT_AUTO_FIELD setting or the InfoConfig.default_auto_field attribute to point to a subclass of AutoField, e.g. 'django.db.models.BigAutoField'.
info.AttendanceClass: (models.W042) Auto-created primary key used when not defining a primary key type, by default 'django.db.models.AutoField'.
	HINT: Configure the DEFAULT_AUTO_FIELD setting or the InfoConfig.default_auto_field attribute to point to a subclass of AutoField, e.g. 'django.db.models.BigAutoField'.
info.AttendanceRange: (models.W042) Auto-created primary key used when not defining a primary key type, by default 'django.db.models.AutoField'.
	HINT: Configure the DEFAULT_AUTO_FIELD setting or the InfoConfig.default_auto_field attribute to point to a subclass of AutoField, e.g. 'django.db.models.BigAutoField'.
info.AttendanceTotal: (models.W042) Auto-created primary key used when not defining a primary key type, by default 'django.db.models.AutoField'.
	HINT: Configure the DEFAULT_AUTO_FIELD setting or the InfoConfig.default_auto_field attribute to point to a subclass of AutoField, e.g. 'django.db.models.BigAutoField'.
info.Marks: (models.W042) Auto-created primary key used when not defining a primary key type, by default 'django.db.models.AutoField'.
	HINT: Configure the DEFAULT_AUTO_FIELD setting or the InfoConfig.default_auto_field attribute to point to a subclass of AutoField, e.g. 'django.db.models.BigAutoField'.
info.MarksClass: (models.W042) Auto-created primary key used when not defining a primary key type, by default 'django.db.models.AutoField'.
	HINT: Configure the DEFAULT_AUTO_FIELD setting or the InfoConfig.default_auto_field attribute to point to a subclass of AutoField, e.g. 'django.db.models.BigAutoField'.
info.StudentCourse: (models.W042) Auto-created primary key used when not defining a primary key type, by default 'django.db.models.AutoField'.
	HINT: Configure the DEFAULT_AUTO_FIELD setting or the InfoConfig.default_auto_field attribute to point to a subclass of AutoField, e.g. 'django.db.models.BigAutoField'.
info.User: (models.W042) Auto-created primary key used when not defining a primary key type, by default 'django.db.models.AutoField'.
	HINT: Configure the DEFAULT_AUTO_FIELD setting or the InfoConfig.default_auto_field attribute to point to a subclass of AutoField, e.g. 'django.db.models.BigAutoField'.

System check identified 10 issues (0 silenced).
[13/Jun/2024 06:11:14] "GET /admin/ HTTP/1.1" 200 9736
[13/Jun/2024 06:11:14] "GET /static/admin/css/base.css HTTP/1.1" 304 0
[13/Jun/2024 06:11:14] "GET /static/admin/css/dark_mode.css HTTP/1.1" 304 0
[13/Jun/2024 06:11:14] "GET /static/admin/css/dashboard.css HTTP/1.1" 304 0
[13/Jun/2024 06:11:14] "GET /static/admin/css/responsive.css HTTP/1.1" 304 0
[13/Jun/2024 06:11:14] "GET /static/admin/css/nav_sidebar.css HTTP/1.1" 304 0
[13/Jun/2024 06:11:14] "GET /static/admin/js/theme.js HTTP/1.1" 304 0
[13/Jun/2024 06:11:14] "GET /static/admin/js/nav_sidebar.js HTTP/1.1" 304 0
Performing system checks...


You have 1 unapplied migration(s). Your project may not work properly until you apply the migrations for app(s): authtoken.
Run 'python manage.py migrate' to apply them.
June 13, 2024 - 06:11:12
Django version 5.0.6, using settings 'CollegeERP.settings'
Starting development server at http://127.0.0.1:8000/
Quit the server with CONTROL-C.

Watching for file changes with StatReloader
System check identified some issues:

WARNINGS:
info.Assign: (models.W042) Auto-created primary key used when not defining a primary key type, by default 'django.db.models.AutoField'.
	HINT: Configure the DEFAULT_AUTO_FIELD setting or the InfoConfig.default_auto_field attribute to point to a subclass of AutoField, e.g. 'django.db.models.BigAutoField'.
info.AssignTime: (models.W042) Auto-created primary key used when not defining a primary key type, by default 'django.db.models.AutoField'.
	HINT: Configure the DEFAULT_AUTO_FIELD setting or the InfoConfig.default_auto_field attribute to point to a subclass of AutoField, e.g. 'django.db.models.BigAutoField'.
info.Attendance: (models.W042) Auto-created primary key used when not defining a primary key type, by default 'django.db.models.AutoField'.
	HINT: Configure the DEFAULT_AUTO_FIELD setting or the InfoConfig.default_auto_field attribute to point to a subclass of AutoField, e.g. 'django.db.models.BigAutoField'.
info.AttendanceClass: (models.W042) Auto-created primary key used when not defining a primary key type, by default 'django.db.models.AutoField'.
	HINT: Configure the DEFAULT_AUTO_FIELD setting or the InfoConfig.default_auto_field attribute to point to a subclass of AutoField, e.g. 'django.db.models.BigAutoField'.
info.AttendanceRange: (models.W042) Auto-created primary key used when not defining a primary key type, by default 'django.db.models.AutoField'.
	HINT: Configure the DEFAULT_AUTO_FIELD setting or the InfoConfig.default_auto_field attribute to point to a subclass of AutoField, e.g. 'django.db.models.BigAutoField'.
info.AttendanceTotal: (models.W042) Auto-created primary key used when not defining a primary key type, by default 'django.db.models.AutoField'.
	HINT: Configure the DEFAULT_AUTO_FIELD setting or the InfoConfig.default_auto_field attribute to point to a subclass of AutoField, e.g. 'django.db.models.BigAutoField'.
info.Marks: (models.W042) Auto-created primary key used when not defining a primary key type, by default 'django.db.models.AutoField'.
	HINT: Configure the DEFAULT_AUTO_FIELD setting or the InfoConfig.default_auto_field attribute to point to a subclass of AutoField, e.g. 'django.db.models.BigAutoField'.
info.MarksClass: (models.W042) Auto-created primary key used when not defining a primary key type, by default 'django.db.models.AutoField'.
	HINT: Configure the DEFAULT_AUTO_FIELD setting or the InfoConfig.default_auto_field attribute to point to a subclass of AutoField, e.g. 'django.db.models.BigAutoField'.
info.StudentCourse: (models.W042) Auto-created primary key used when not defining a primary key type, by default 'django.db.models.AutoField'.
	HINT: Configure the DEFAULT_AUTO_FIELD setting or the InfoConfig.default_auto_field attribute to point to a subclass of AutoField, e.g. 'django.db.models.BigAutoField'.
info.User: (models.W042) Auto-created primary key used when not defining a primary key type, by default 'django.db.models.AutoField'.
	HINT: Configure the DEFAULT_AUTO_FIELD setting or the InfoConfig.default_auto_field attribute to point to a subclass of AutoField, e.g. 'django.db.models.BigAutoField'.

System check identified 10 issues (0 silenced).
[13/Jun/2024 06:11:55] "GET /admin/ HTTP/1.1" 200 9736
[13/Jun/2024 06:11:55] "GET /static/admin/css/dark_mode.css HTTP/1.1" 304 0
[13/Jun/2024 06:11:55] "GET /static/admin/css/base.css HTTP/1.1" 304 0
[13/Jun/2024 06:11:55] "GET /static/admin/css/nav_sidebar.css HTTP/1.1" 304 0
[13/Jun/2024 06:11:55] "GET /static/admin/css/dashboard.css HTTP/1.1" 304 0
[13/Jun/2024 06:11:55] "GET /static/admin/css/responsive.css HTTP/1.1" 304 0
[13/Jun/2024 06:11:55] "GET /static/admin/js/theme.js HTTP/1.1" 304 0
[13/Jun/2024 06:11:55] "GET /static/admin/js/nav_sidebar.js HTTP/1.1" 304 0
[13/Jun/2024 06:11:55] "GET /static/admin/img/icon-addlink.svg HTTP/1.1" 304 0
[13/Jun/2024 06:11:55] "GET /static/admin/img/icon-changelink.svg HTTP/1.1" 304 0
